/*C12*/SET SCHEMA PUBLIC
drop table if exists tgroup CASCADE 
drop table if exists tperson CASCADE 
drop sequence hibernate_sequence if exists
create sequence hibernate_sequence start with 1 increment by 1
create table tgroup (id bigint not null, group_name varchar(200) not null, version bigint not null, primary key (id))
create table tperson (id bigint not null, birth_day date, email_address varchar(200) not null, first_name varchar(200) not null, last_name varchar(200) not null, password varchar(200) not null, version bigint not null, web_site varchar(200), tgroup bigint, primary key (id))
alter table tperson add constraint UK_efnq6un967l5fme0hmtsuj9f5 unique (email_address)
alter table tperson add constraint UK_1j22hg40hruk24jp3dv4uij2h unique (web_site)
alter table tperson add constraint FKhomjfqi8bk5pnhe8hsxipxqmc foreign key (tgroup) references tgroup
INSERT INTO TGROUP VALUES(1,'FSI',0)
ALTER SEQUENCE PUBLIC.HIBERNATE_SEQUENCE RESTART WITH 2
COMMIT
INSERT INTO TPERSON VALUES(2,NULL,'alice@mail.fr','Alice','Dupon','1234',0,NULL,NULL)
ALTER SEQUENCE PUBLIC.HIBERNATE_SEQUENCE RESTART WITH 3
COMMIT
DELETE FROM TPERSON WHERE ID=2
INSERT INTO TPERSON VALUES(2,NULL,'alice@mail.fr','Julie','Dupon','1234',1,NULL,NULL)
COMMIT
INSERT INTO TGROUP VALUES(3,'FSI',0)
ALTER SEQUENCE PUBLIC.HIBERNATE_SEQUENCE RESTART WITH 4
COMMIT
DELETE FROM TGROUP WHERE ID=3
INSERT INTO TGROUP VALUES(3,'GIG',1)
COMMIT
INSERT INTO TPERSON VALUES(4,NULL,'dorian@mail.fr','Dorian','Dupon','1234',0,NULL,NULL)
ALTER SEQUENCE PUBLIC.HIBERNATE_SEQUENCE RESTART WITH 5
COMMIT
INSERT INTO TPERSON VALUES(5,NULL,'eric@mail.fr','Eric','Dupon','1234',0,NULL,NULL)
ALTER SEQUENCE PUBLIC.HIBERNATE_SEQUENCE RESTART WITH 6
COMMIT
INSERT INTO TPERSON VALUES(6,NULL,'oolest@fire.com','Joe','Cool','number1',0,'CoolWebSite',NULL)
ALTER SEQUENCE PUBLIC.HIBERNATE_SEQUENCE RESTART WITH 7
COMMIT
ALTER SEQUENCE PUBLIC.HIBERNATE_SEQUENCE RESTART WITH 8
INSERT INTO TGROUP VALUES(8,'IDL',0)
ALTER SEQUENCE PUBLIC.HIBERNATE_SEQUENCE RESTART WITH 9
COMMIT
INSERT INTO TPERSON VALUES(9,NULL,'iceIceBaby@hotmail.fr','Joe','Warm','number1',0,NULL,NULL)
ALTER SEQUENCE PUBLIC.HIBERNATE_SEQUENCE RESTART WITH 10
COMMIT
ALTER SEQUENCE PUBLIC.HIBERNATE_SEQUENCE RESTART WITH 11
INSERT INTO TPERSON VALUES(11,NULL,'spaghetti@live.fr','Sable','TarteAuCitron',':)4141',0,NULL,NULL)
ALTER SEQUENCE PUBLIC.HIBERNATE_SEQUENCE RESTART WITH 12
COMMIT
INSERT INTO TPERSON VALUES(12,NULL,'hotdog@live.com','Eclair','TarteAuCitron','number1',0,NULL,NULL)
ALTER SEQUENCE PUBLIC.HIBERNATE_SEQUENCE RESTART WITH 13
COMMIT
INSERT INTO TGROUP VALUES(13,'FSI',0)
INSERT INTO TPERSON VALUES(14,NULL,'charlene@mail.fr','Charlene','Dupon','1234',0,NULL,NULL)
ALTER SEQUENCE PUBLIC.HIBERNATE_SEQUENCE RESTART WITH 15
COMMIT
drop table if exists tgroup CASCADE 
drop table if exists tperson CASCADE 
drop sequence hibernate_sequence if exists
DISCONNECT
/*C13*/SET SCHEMA PUBLIC
DISCONNECT
/*C14*/SET SCHEMA PUBLIC
DISCONNECT
/*C15*/SET SCHEMA PUBLIC
DISCONNECT
/*C16*/SET SCHEMA PUBLIC
DISCONNECT
/*C17*/SET SCHEMA PUBLIC
DISCONNECT
/*C18*/SET SCHEMA PUBLIC
DISCONNECT
/*C19*/SET SCHEMA PUBLIC
DISCONNECT
/*C20*/SET SCHEMA PUBLIC
DISCONNECT
/*C21*/SET SCHEMA PUBLIC
DISCONNECT
